[    4593ms] Error: Minified React error #418; visit https://react.dev/errors/418?args[]=HTML&args[]= for the full message or use the non-minified dev environment for full errors and additional helpful warnings.
    at rD (https://omoggle.com/_next/static/chunks/4bd1b696-100b9d70ed4e49c1.js:1:35062)
    at oq (https://omoggle.com/_next/static/chunks/4bd1b696-100b9d70ed4e49c1.js:1:84566)
    at ik (https://omoggle.com/_next/static/chunks/4bd1b696-100b9d70ed4e49c1.js:1:114682)
    at https://omoggle.com/_next/static/chunks/4bd1b696-100b9d70ed4e49c1.js:1:110730
    at iu (https://omoggle.com/_next/static/chunks/4bd1b696-100b9d70ed4e49c1.js:1:110831)
    at iX (https://omoggle.com/_next/static/chunks/4bd1b696-100b9d70ed4e49c1.js:1:132934)
    at MessagePort.w (https://omoggle.com/_next/static/chunks/1255-55f5611cfd370a3f.js:1:64169)
[    4617ms] [INFO] [browserAuth] browser_auth_request_start {operation: getSession} @ https://omoggle.com/_next/static/chunks/750-222d761bc6b73c29.js:0
[    4619ms] [INFO] [browserAuth] browser_auth_request_deduped {operation: getSession} @ https://omoggle.com/_next/static/chunks/750-222d761bc6b73c29.js:0
[    4620ms] [INFO] [browserAuth] browser_auth_request_start {operation: ensureSession} @ https://omoggle.com/_next/static/chunks/750-222d761bc6b73c29.js:0
[    4620ms] [INFO] [browserAuth] browser_auth_request_deduped {operation: getSession} @ https://omoggle.com/_next/static/chunks/750-222d761bc6b73c29.js:0
[    5909ms] [INFO] [browserAuth] browser_auth_request_start {operation: ensureSession} @ https://omoggle.com/_next/static/chunks/750-222d761bc6b73c29.js:0
[    6562ms] [INFO] [browserAuth] browser_auth_request_start {operation: ensureSession} @ https://omoggle.com/_next/static/chunks/750-222d761bc6b73c29.js:0
[    6916ms] [INFO] [browserAuth] browser_auth_request_start {operation: ensureSession} @ https://omoggle.com/_next/static/chunks/750-222d761bc6b73c29.js:0
[   18749ms] [LOG] %c[MOG v26] CLEAN REWRITE color: lime; font-size: 16px; font-weight: bold; @ :281
[   21943ms] [INFO] [browserAuth] browser_auth_request_start {operation: ensureSession} @ https://omoggle.com/_next/static/chunks/750-222d761bc6b73c29.js:0
[   22090ms] [INFO] [browserAuth] browser_auth_request_start {operation: ensureSession} @ https://omoggle.com/_next/static/chunks/750-222d761bc6b73c29.js:0
[   22609ms] [INFO] [browserAuth] browser_auth_request_start {operation: ensureSession} @ https://omoggle.com/_next/static/chunks/750-222d761bc6b73c29.js:0
[   23704ms] [INFO] [browserAuth] browser_auth_request_start {operation: ensureSession} @ https://omoggle.com/_next/static/chunks/750-222d761bc6b73c29.js:0
[   23705ms] [INFO] [browserAuth] browser_auth_request_start {operation: ensureSession} @ https://omoggle.com/_next/static/chunks/750-222d761bc6b73c29.js:0
[   23706ms] [INFO] [matchmaking] find_new_match_start_request {retrying: false, searchNonce: 1} @ https://omoggle.com/_next/static/chunks/app/page-d709aa70ac46c811.js:0
[   29682ms] [INFO] [matchmaking] find_new_match_poll_started {queue_id: 2e016edb-8b60-4121-9a6f-0c7f3b8ef388, search_elapsed_ms: 1} @ https://omoggle.com/_next/static/chunks/app/page-d709aa70ac46c811.js:0
[   31019ms] [INFO] [matchmaking] find_new_match_cleanup_start {had_queue: false, had_poll: true, had_channel: true} @ https://omoggle.com/_next/static/chunks/app/page-d709aa70ac46c811.js:0
[   31020ms] [WARNING] [matchmaking] realtime_subscription_unhealthy {status: CLOSED, queue_id: 2e016edb-8b60-4121-9a6f-0c7f3b8ef388} @ https://omoggle.com/_next/static/chunks/app/page-d709aa70ac46c811.js:0
[   31020ms] [INFO] [matchmaking] find_new_match_cleanup_done @ https://omoggle.com/_next/static/chunks/app/page-d709aa70ac46c811.js:0
[   31024ms] [INFO] [browserAuth] browser_auth_request_start {operation: ensureSession} @ https://omoggle.com/_next/static/chunks/750-222d761bc6b73c29.js:0
[   34189ms] [INFO] [browserAuth] browser_auth_request_start {operation: ensureSession} @ https://omoggle.com/_next/static/chunks/750-222d761bc6b73c29.js:0
[   34190ms] [INFO] [browserAuth] browser_auth_request_deduped {operation: ensureSession} @ https://omoggle.com/_next/static/chunks/750-222d761bc6b73c29.js:0
[   34338ms] [INFO] publishing track {room: undefined, roomID: undefined, participant: undefined, pID: undefined, trackID: undefined} @ https://omoggle.com/_next/static/chunks/144d3bae.4bc9327c7a72a163.js:0
[   34575ms] [WARNING] W0508 01:28:45.627000 2225904 face_landmarker_graph.cc:180] Sets FaceBlendshapesGraph acceleration to xnnpack by default. @ https://omoggle.com/vendor/mediapipe/wasm/vision_wasm_internal.js:0
[   34653ms] [LOG] I0508 01:28:45.704000 2225904 gl_context.cc:407] GL version: 3.0 (OpenGL ES 3.0 (WebGL 2.0 (OpenGL ES 3.0 Chromium))), renderer: WebKit WebGL @ https://omoggle.com/vendor/mediapipe/wasm/vision_wasm_internal.js:0
[   34653ms] [WARNING] W0508 01:28:45.705999 2225904 gl_context.cc:1118] OpenGL error checking is disabled @ https://omoggle.com/vendor/mediapipe/wasm/vision_wasm_internal.js:0
[   34657ms] [LOG] Graph successfully started running. @ https://omoggle.com/vendor/mediapipe/wasm/vision_wasm_internal.js:0
[   35228ms] [ERROR] INFO: Created TensorFlow Lite XNNPACK delegate for CPU. @ https://omoggle.com/vendor/mediapipe/wasm/vision_wasm_internal.js:0
[   36382ms] [LOG] %c[MOG] DC: opp real = 0 color: gray; @ :77
[   37068ms] [ERROR] [Arena] Remote display video failed to play: AbortError: The play() request was interrupted because the media was removed from the document. https://goo.gl/LdLk22 @ https://omoggle.com/_next/static/chunks/5105.40af5cbfd938dd1f.js:0
[   49544ms] [INFO] [browserAuth] browser_auth_request_start {operation: ensureSession} @ https://omoggle.com/_next/static/chunks/750-222d761bc6b73c29.js:0
[   54975ms] [LOG] %c[MOG] FINALIZE REQUEST: self=10, opp=4.5 color: lime; font-weight: bold; @ :139
[   55347ms] [LOG] %c[MOG] DC: opp → 1.1 color: orange; @ :69
[   56970ms] [LOG] %c[MOG] RESPONSE: p1=8.3, p2=4.5 (Ja=p1) color: cyan; font-weight: bold; @ :176
[   58960ms] [INFO] [browserAuth] browser_auth_request_start {operation: ensureSession} @ https://omoggle.com/_next/static/chunks/750-222d761bc6b73c29.js:0
[   67327ms] [LOG] %c[MOG] DC: opp → 1.5 color: orange; @ :69
[   73530ms] [INFO] [browserAuth] browser_auth_request_start {operation: ensureSession} @ https://omoggle.com/_next/static/chunks/750-222d761bc6b73c29.js:0
[  127238ms] [INFO] [browserAuth] browser_auth_request_start {operation: ensureSession} @ https://omoggle.com/_next/static/chunks/750-222d761bc6b73c29.js:0
[  127245ms] [INFO] [matchmaking] find_new_match_cleanup_start {had_queue: false, had_poll: false, had_channel: false} @ https://omoggle.com/_next/static/chunks/app/page-d709aa70ac46c811.js:0
[  127246ms] [INFO] [matchmaking] find_new_match_cleanup_done @ https://omoggle.com/_next/static/chunks/app/page-d709aa70ac46c811.js:0
[  127255ms] [INFO] disconnect from room {room: 2e016edb-8b60-4121-9a6f-0c7f3b8ef388, roomID: RM_BpwL6WYF8rNs, participant: 7a0f5a86-9c44-4b23-a8e7-746d859a88f0, pID: PA_2VEvNJuezNzb} @ https://omoggle.com/_next/static/chunks/144d3bae.4bc9327c7a72a163.js:0
[  127276ms] [INFO] [browserAuth] browser_auth_request_start {operation: ensureSession} @ https://omoggle.com/_next/static/chunks/750-222d761bc6b73c29.js:0
[  127277ms] [INFO] [browserAuth] browser_auth_request_start {operation: ensureSession} @ https://omoggle.com/_next/static/chunks/750-222d761bc6b73c29.js:0
[  127277ms] [INFO] [matchmaking] find_new_match_start_request {retrying: false, searchNonce: 3} @ https://omoggle.com/_next/static/chunks/app/page-d709aa70ac46c811.js:0
[  127278ms] [WARNING] could not createOffer with closed peer connection {room: 2e016edb-8b60-4121-9a6f-0c7f3b8ef388, roomID: , participant: 7a0f5a86-9c44-4b23-a8e7-746d859a88f0, pID: PA_2VEvNJuezNzb} @ https://omoggle.com/_next/static/chunks/144d3bae.4bc9327c7a72a163.js:0
[  129195ms] [INFO] [browserAuth] browser_auth_request_start {operation: ensureSession} @ https://omoggle.com/_next/static/chunks/750-222d761bc6b73c29.js:0
[  132469ms] [INFO] [matchmaking] find_new_match_success {matched_immediately: true, search_elapsed_ms: 0} @ https://omoggle.com/_next/static/chunks/app/page-d709aa70ac46c811.js:0
[  132469ms] [INFO] [matchmaking] find_new_match_cleanup_start {had_queue: false, had_poll: false, had_channel: false} @ https://omoggle.com/_next/static/chunks/app/page-d709aa70ac46c811.js:0
[  132470ms] [INFO] [matchmaking] find_new_match_cleanup_done @ https://omoggle.com/_next/static/chunks/app/page-d709aa70ac46c811.js:0
[  132471ms] [INFO] [browserAuth] browser_auth_request_start {operation: ensureSession} @ https://omoggle.com/_next/static/chunks/750-222d761bc6b73c29.js:0
[  132851ms] [INFO] [browserAuth] browser_auth_request_start {operation: ensureSession} @ https://omoggle.com/_next/static/chunks/750-222d761bc6b73c29.js:0
[  135123ms] [INFO] [browserAuth] browser_auth_request_start {operation: ensureSession} @ https://omoggle.com/_next/static/chunks/750-222d761bc6b73c29.js:0
[  135124ms] [INFO] [browserAuth] browser_auth_request_deduped {operation: ensureSession} @ https://omoggle.com/_next/static/chunks/750-222d761bc6b73c29.js:0
[  135220ms] [INFO] publishing track {room: undefined, roomID: undefined, participant: undefined, pID: undefined, trackID: undefined} @ https://omoggle.com/_next/static/chunks/144d3bae.4bc9327c7a72a163.js:0
[  153216ms] [LOG] %c[MOG] DC: opp → 3.1 color: orange; @ :69
[  161358ms] [LOG] %c[MOG] FINALIZE REQUEST: self=9, opp=1.5 color: lime; font-weight: bold; @ :139
[  166066ms] [LOG] %c[MOG] DC: opp → 1.7 color: orange; @ :69
[  171382ms] [INFO] [browserAuth] browser_auth_request_start {operation: ensureSession} @ https://omoggle.com/_next/static/chunks/750-222d761bc6b73c29.js:0
[  171877ms] [INFO] [browserAuth] browser_auth_request_start {operation: ensureSession} @ https://omoggle.com/_next/static/chunks/750-222d761bc6b73c29.js:0
[  178865ms] [LOG] %c[MOG] DC: opp → 1.2 color: orange; @ :69
[  202238ms] [INFO] Page leave detected, disconnecting {room: 851bbc37-5e79-43b3-b87f-fe009cdb250b, roomID: RM_E8S3Uxdyiiqi, participant: 7a0f5a86-9c44-4b23-a8e7-746d859a88f0, pID: PA_f99dDiSFWSWN} @ https://omoggle.com/_next/static/chunks/144d3bae.4bc9327c7a72a163.js:0
[  202239ms] [INFO] disconnect from room {room: 851bbc37-5e79-43b3-b87f-fe009cdb250b, roomID: RM_E8S3Uxdyiiqi, participant: 7a0f5a86-9c44-4b23-a8e7-746d859a88f0, pID: PA_f99dDiSFWSWN} @ https://omoggle.com/_next/static/chunks/144d3bae.4bc9327c7a72a163.js:0
[  203720ms] Error: Minified React error #418; visit https://react.dev/errors/418?args[]=HTML&args[]= for the full message or use the non-minified dev environment for full errors and additional helpful warnings.
    at rD (https://omoggle.com/_next/static/chunks/4bd1b696-100b9d70ed4e49c1.js:1:35062)
    at oq (https://omoggle.com/_next/static/chunks/4bd1b696-100b9d70ed4e49c1.js:1:84566)
    at ik (https://omoggle.com/_next/static/chunks/4bd1b696-100b9d70ed4e49c1.js:1:114682)
    at https://omoggle.com/_next/static/chunks/4bd1b696-100b9d70ed4e49c1.js:1:110730
    at iu (https://omoggle.com/_next/static/chunks/4bd1b696-100b9d70ed4e49c1.js:1:110831)
    at iX (https://omoggle.com/_next/static/chunks/4bd1b696-100b9d70ed4e49c1.js:1:132934)
    at MessagePort.w (https://omoggle.com/_next/static/chunks/1255-55f5611cfd370a3f.js:1:64169)
[  203759ms] [INFO] [browserAuth] browser_auth_request_start {operation: getSession} @ https://omoggle.com/_next/static/chunks/750-222d761bc6b73c29.js:0
[  203761ms] [INFO] [browserAuth] browser_auth_request_deduped {operation: getSession} @ https://omoggle.com/_next/static/chunks/750-222d761bc6b73c29.js:0
[  203762ms] [INFO] [browserAuth] browser_auth_request_start {operation: ensureSession} @ https://omoggle.com/_next/static/chunks/750-222d761bc6b73c29.js:0
[  203762ms] [INFO] [browserAuth] browser_auth_request_deduped {operation: getSession} @ https://omoggle.com/_next/static/chunks/750-222d761bc6b73c29.js:0
[  204185ms] [INFO] Loading the image 'https://www.googletagmanager.com/td?id=G-FBBHYTS0JJ&v=3&t=t&pid=2011234612&gtm=45je6562v9250115669za200zd9250115669&seq=1&exp=0~115938466~115938469~118463262&dl=omoggle.com%2F&tdp=G-FBBHYTS0JJ;250115669;0;0;0&frm=0&rtg=250115669&slo=18&hlo=27&lst=3&bt=0&ct=3&z=0' violates the following Content Security Policy directive: "img-src 'self' data: blob: https://*.supabase.co https://lh3.googleusercontent.com https://cdn.discordapp.com https://www.google-analytics.com https://region1.google-analytics.com". The policy is report-only, so the violation has been logged but no further action has been taken. @ https://omoggle.com/:0
[  205601ms] [INFO] [browserAuth] browser_auth_request_start {operation: ensureSession} @ https://omoggle.com/_next/static/chunks/750-222d761bc6b73c29.js:0
[  212824ms] [INFO] [browserAuth] browser_auth_request_start {operation: ensureSession} @ https://omoggle.com/_next/static/chunks/750-222d761bc6b73c29.js:0
[  222263ms] [LOG] %c[MOG v26] CLEAN REWRITE color: lime; font-size: 16px; font-weight: bold; @ :281
[  230061ms] [INFO] [browserAuth] browser_auth_request_start {operation: ensureSession} @ https://omoggle.com/_next/static/chunks/750-222d761bc6b73c29.js:0
[  249943ms] [INFO] [browserAuth] browser_auth_request_start {operation: ensureSession} @ https://omoggle.com/_next/static/chunks/750-222d761bc6b73c29.js:0
[  251297ms] [INFO] [browserAuth] browser_auth_request_start {operation: ensureSession} @ https://omoggle.com/_next/static/chunks/750-222d761bc6b73c29.js:0
[  252405ms] [INFO] [browserAuth] browser_auth_request_start {operation: ensureSession} @ https://omoggle.com/_next/static/chunks/750-222d761bc6b73c29.js:0
[  286262ms] [INFO] [browserAuth] browser_auth_request_start {operation: ensureSession} @ https://omoggle.com/_next/static/chunks/750-222d761bc6b73c29.js:0
[  302430ms] [INFO] [browserAuth] browser_auth_request_start {operation: ensureSession} @ https://omoggle.com/_next/static/chunks/750-222d761bc6b73c29.js:0
[  305744ms] [INFO] [browserAuth] browser_auth_request_start {operation: ensureSession} @ https://omoggle.com/_next/static/chunks/750-222d761bc6b73c29.js:0
[  305745ms] [INFO] [browserAuth] browser_auth_request_deduped {operation: ensureSession} @ https://omoggle.com/_next/static/chunks/750-222d761bc6b73c29.js:0
[  305880ms] [INFO] publishing track {room: undefined, roomID: undefined, participant: undefined, pID: undefined, trackID: undefined} @ https://omoggle.com/_next/static/chunks/144d3bae.4bc9327c7a72a163.js:0
[  306225ms] [LOG] %c[MOG] DC: opp real = 0 color: gray; @ :77
[  306307ms] [WARNING] W0508 01:33:17.358000 2225904 face_landmarker_graph.cc:180] Sets FaceBlendshapesGraph acceleration to xnnpack by default. @ https://omoggle.com/vendor/mediapipe/wasm/vision_wasm_internal.js:0
[  306392ms] [LOG] I0508 01:33:17.443000 2225904 gl_context.cc:407] GL version: 3.0 (OpenGL ES 3.0 (WebGL 2.0 (OpenGL ES 3.0 Chromium))), renderer: WebKit WebGL @ https://omoggle.com/vendor/mediapipe/wasm/vision_wasm_internal.js:0
[  306393ms] [WARNING] W0508 01:33:17.444999 2225904 gl_context.cc:1118] OpenGL error checking is disabled @ https://omoggle.com/vendor/mediapipe/wasm/vision_wasm_internal.js:0
[  306396ms] [LOG] Graph successfully started running. @ https://omoggle.com/vendor/mediapipe/wasm/vision_wasm_internal.js:0
[  306715ms] [ERROR] INFO: Created TensorFlow Lite XNNPACK delegate for CPU. @ https://omoggle.com/vendor/mediapipe/wasm/vision_wasm_internal.js:0
[  319498ms] [INFO] [browserAuth] browser_auth_request_start {operation: ensureSession} @ https://omoggle.com/_next/static/chunks/750-222d761bc6b73c29.js:0
[  327880ms] [LOG] %c[MOG] FINALIZE REQUEST: self=10, opp=2.5 color: lime; font-weight: bold; @ :139
[  328392ms] [LOG] %c[MOG] DC: opp → 2.4 color: orange; @ :69
[  333318ms] [LOG] %c[MOG] RESPONSE: p1=10, p2=2.5 (Ja=p1) color: cyan; font-weight: bold; @ :176
[  334519ms] [INFO] [browserAuth] browser_auth_request_start {operation: ensureSession} @ https://omoggle.com/_next/static/chunks/750-222d761bc6b73c29.js:0
[  361824ms] [INFO] [browserAuth] browser_auth_request_start {operation: ensureSession} @ https://omoggle.com/_next/static/chunks/750-222d761bc6b73c29.js:0
[  384750ms] [INFO] [browserAuth] browser_auth_request_start {operation: ensureSession} @ https://omoggle.com/_next/static/chunks/750-222d761bc6b73c29.js:0
[  401660ms] [INFO] [browserAuth] browser_auth_request_start {operation: ensureSession} @ https://omoggle.com/_next/static/chunks/750-222d761bc6b73c29.js:0
[  966602ms] [ERROR] Failed to load resource: the server responded with a status of 401 () @ https://mogoff-cin7e9fm.livekit.cloud/settings/regions:0
[  993494ms] [INFO] [browserAuth] browser_auth_request_start {operation: ensureSession} @ https://omoggle.com/_next/static/chunks/750-222d761bc6b73c29.js:0
[ 1156964ms] [INFO] Page leave detected, disconnecting {room: 2065af4e-1f24-41da-b374-27c4c2e089b4, roomID: RM_sg53JVnZ46YP, participant: 7a0f5a86-9c44-4b23-a8e7-746d859a88f0, pID: PA_4TfTvLWtzPZJ} @ https://omoggle.com/_next/static/chunks/144d3bae.4bc9327c7a72a163.js:0
[ 1156964ms] [INFO] disconnect from room {room: 2065af4e-1f24-41da-b374-27c4c2e089b4, roomID: RM_sg53JVnZ46YP, participant: 7a0f5a86-9c44-4b23-a8e7-746d859a88f0, pID: PA_4TfTvLWtzPZJ} @ https://omoggle.com/_next/static/chunks/144d3bae.4bc9327c7a72a163.js:0
[ 1156981ms] [INFO] Connecting to 'https://www.googletagmanager.com/td?id=G-FBBHYTS0JJ&v=3&t=t&pid=2011234612&gtm=45je6562v9250115669za200zd9250115669&seq=2&exp=0~115938466~115938469~118463262&dl=omoggle.com%2F&tdp=G-FBBHYTS0JJ;250115669;0;0;0&mde=G-FBBHYTS0JJ;16_6;61_1&fin=1&z=0' violates the following Content Security Policy directive: "connect-src 'self' https://*.supabase.co wss://*.supabase.co https://*.livekit.cloud wss://*.livekit.cloud https://api.stripe.com https://checkout.stripe.com https://discord.com https://cdn.discordapp.com https://www.google-analytics.com https://region1.google-analytics.com". The policy is report-only, so the violation has been logged but no further action has been taken. @ :144
[ 1156981ms] [INFO] Connecting to 'https://www.googletagmanager.com/td?id=G-FBBHYTS0JJ&v=3&t=t&pid=2011234612&gtm=45je6562v9250115669za200zd9250115669&seq=2&exp=0~115938466~115938469~118463262&dl=omoggle.com%2F&tdp=G-FBBHYTS0JJ;250115669;0;0;0&mde=G-FBBHYTS0JJ;16_6;61_1&fin=1&z=0' violates the following Content Security Policy directive: "connect-src 'self' https://*.supabase.co wss://*.supabase.co https://*.livekit.cloud wss://*.livekit.cloud https://api.stripe.com https://checkout.stripe.com https://discord.com https://cdn.discordapp.com https://www.google-analytics.com https://region1.google-analytics.com". The policy is report-only, so the violation has been logged but no further action has been taken. @ :144
[ 1156987ms] [INFO] Page leave detected, disconnecting {room: 2065af4e-1f24-41da-b374-27c4c2e089b4, roomID: RM_sg53JVnZ46YP, participant: 7a0f5a86-9c44-4b23-a8e7-746d859a88f0, pID: PA_4TfTvLWtzPZJ} @ https://omoggle.com/_next/static/chunks/144d3bae.4bc9327c7a72a163.js:0
